f:\programming\projects\natural-selection-simulator\nss\x64\debug\vc142.pdb
f:\programming\projects\natural-selection-simulator\nss\x64\debug\vc142.idb
f:\programming\projects\natural-selection-simulator\nss\x64\debug\utils.obj
f:\programming\projects\natural-selection-simulator\nss\x64\debug\simulationengine.obj
f:\programming\projects\natural-selection-simulator\nss\x64\debug\position.obj
f:\programming\projects\natural-selection-simulator\nss\x64\debug\nss.obj
f:\programming\projects\natural-selection-simulator\nss\x64\debug\genome.obj
f:\programming\projects\natural-selection-simulator\nss\x64\debug\food.obj
f:\programming\projects\natural-selection-simulator\nss\x64\debug\cliengine.obj
f:\programming\projects\natural-selection-simulator\nss\x64\debug\organism.obj
f:\programming\projects\natural-selection-simulator\nss\x64\debug\world.obj
f:\programming\projects\natural-selection-simulator\nss\x64\debug\cliengine.nativecodeanalysis.xml
f:\programming\projects\natural-selection-simulator\nss\x64\debug\food.nativecodeanalysis.xml
f:\programming\projects\natural-selection-simulator\nss\x64\debug\genome.nativecodeanalysis.xml
f:\programming\projects\natural-selection-simulator\nss\x64\debug\nss.nativecodeanalysis.xml
f:\programming\projects\natural-selection-simulator\nss\x64\debug\organism.nativecodeanalysis.xml
f:\programming\projects\natural-selection-simulator\nss\x64\debug\position.nativecodeanalysis.xml
f:\programming\projects\natural-selection-simulator\nss\x64\debug\simulationengine.nativecodeanalysis.xml
f:\programming\projects\natural-selection-simulator\nss\x64\debug\utils.nativecodeanalysis.xml
f:\programming\projects\natural-selection-simulator\nss\x64\debug\vc.nativecodeanalysis.all.xml
f:\programming\projects\natural-selection-simulator\nss\x64\debug\world.nativecodeanalysis.xml
f:\programming\projects\natural-selection-simulator\x64\debug\nss.pdb
f:\programming\projects\natural-selection-simulator\nss\x64\debug\nss.tlog\cl.command.1.tlog
f:\programming\projects\natural-selection-simulator\nss\x64\debug\nss.tlog\cl.read.1.tlog
f:\programming\projects\natural-selection-simulator\nss\x64\debug\nss.tlog\cl.write.1.tlog
f:\programming\projects\natural-selection-simulator\nss\x64\debug\nss.tlog\link-cvtres.read.1.tlog
f:\programming\projects\natural-selection-simulator\nss\x64\debug\nss.tlog\link-cvtres.write.1.tlog
f:\programming\projects\natural-selection-simulator\nss\x64\debug\nss.tlog\link-rc.read.1.tlog
f:\programming\projects\natural-selection-simulator\nss\x64\debug\nss.tlog\link-rc.write.1.tlog
f:\programming\projects\natural-selection-simulator\nss\x64\debug\nss.tlog\link.23752-cvtres.read.1.tlog
f:\programming\projects\natural-selection-simulator\nss\x64\debug\nss.tlog\link.23752-cvtres.write.1.tlog
f:\programming\projects\natural-selection-simulator\nss\x64\debug\nss.tlog\link.23752-rc.read.1.tlog
f:\programming\projects\natural-selection-simulator\nss\x64\debug\nss.tlog\link.23752-rc.write.1.tlog
f:\programming\projects\natural-selection-simulator\nss\x64\debug\nss.tlog\link.23752.read.1.tlog
f:\programming\projects\natural-selection-simulator\nss\x64\debug\nss.tlog\link.23752.write.1.tlog
f:\programming\projects\natural-selection-simulator\nss\x64\debug\nss.tlog\link.command.1.tlog
f:\programming\projects\natural-selection-simulator\nss\x64\debug\nss.tlog\link.read.1.tlog
f:\programming\projects\natural-selection-simulator\nss\x64\debug\nss.tlog\link.write.1.tlog
